<?xml version="1.0" encoding="UTF-8"?>
<!-- Generated by org.testng.reporters.JUnitReportReporter -->
<testsuite hostname="SATISH-PC" name="testcases.VerifyHomePage" tests="1" failures="0" timestamp="15 Jul 2016 11:57:22 GMT" time="28.173" errors="0">
  <testcase name="testHomePage" time="28.173" classname="testcases.VerifyHomePage"/>
</testsuite> <!-- testcases.VerifyHomePage -->
