<?xml version="1.0" encoding="UTF-8"?>
<!-- Generated by org.testng.reporters.JUnitReportReporter -->
<testsuite hostname="SATISH-PC" name="testcases.VerifyLoginPageWithReports" tests="1" failures="0" timestamp="16 Jul 2016 15:06:04 GMT" time="48.671" errors="0">
  <testcase name="testHomePage" time="48.671" classname="testcases.VerifyLoginPageWithReports"/>
</testsuite> <!-- testcases.VerifyLoginPageWithReports -->
