<?xml version="1.0" encoding="UTF-8"?>
<!-- Generated by org.testng.reporters.JUnitReportReporter -->
<testsuite hostname="SATISH-PC" name="testcases.VerifyLoginPage" tests="1" failures="0" timestamp="16 Jul 2016 09:58:04 GMT" time="54.115" errors="0">
  <testcase name="testHomePage" time="54.115" classname="testcases.VerifyLoginPage"/>
</testsuite> <!-- testcases.VerifyLoginPage -->
